<?xml version="1.0" encoding="UTF-8"?>
<testng-results ignored="0" total="1" passed="1" failed="0" skipped="0">
  <reporter-output>
  </reporter-output>
  <suite started-at="2024-12-19T00:06:57 IST" name="Default suite" finished-at="2024-12-19T00:07:01 IST" duration-ms="4308">
    <groups>
    </groups>
    <test started-at="2024-12-19T00:06:57 IST" name="Default test" finished-at="2024-12-19T00:07:01 IST" duration-ms="4308">
      <class name="restassuredTests.Demo1_GET_Request">
        <test-method signature="weatherdetails()[pri:0, instance:restassuredTests.Demo1_GET_Request@6d763516]" started-at="2024-12-19T00:06:57 IST" name="weatherdetails" finished-at="2024-12-19T00:07:01 IST" duration-ms="4181" status="PASS">
          <reporter-output>
          </reporter-output>
        </test-method> <!-- weatherdetails -->
      </class> <!-- restassuredTests.Demo1_GET_Request -->
    </test> <!-- Default test -->
  </suite> <!-- Default suite -->
</testng-results>
